{
  "RSpec": {
    "coverage": {
      "/dogwalking_api/spec/models/dog_walking_spec.rb": [
        null,
        null,
        1,
        null,
        1,
        1,
        1,
        2,
        2,
        2,
        null,
        1,
        2,
        null,
        null,
        null,
        1,
        2,
        null,
        1,
        2,
        null,
        null,
        null,
        null,
        1,
        2,
        2,
        2,
        2,
        null,
        1,
        1,
        null,
        null,
        null
      ],
      "/dogwalking_api/spec/rails_helper.rb": [
        null,
        1,
        1,
        1,
        null,
        1,
        1,
        null,
        null,
        null,
        null,
        null,
        null,
        null,
        null,
        null,
        null,
        null,
        null,
        null,
        null,
        null,
        null,
        null,
        null,
        null,
        1,
        1,
        null,
        0,
        0,
        null,
        1,
        null,
        1,
        null,
        null,
        null,
        null,
        1,
        null,
        null,
        null,
        null,
        null,
        null,
        null,
        null,
        null,
        null,
        null,
        null,
        null,
        null,
        1,
        null,
        null,
        1,
        null,
        null,
        null
      ],
      "/dogwalking_api/config/environment.rb": [
        null,
        1,
        null,
        null,
        1
      ],
      "/dogwalking_api/config/application.rb": [
        1,
        null,
        1,
        null,
        1,
        1,
        1,
        1,
        1,
        1,
        1,
        1,
        null,
        1,
        null,
        null,
        null,
        1,
        null,
        1,
        1,
        null,
        1,
        null,
        null,
        null,
        null,
        null,
        null,
        null,
        null,
        null,
        1,
        null,
        null
      ],
      "/dogwalking_api/config/boot.rb": [
        1,
        null,
        1,
        1
      ],
      "/dogwalking_api/config/environments/test.rb": [
        1,
        null,
        null,
        null,
        null,
        null,
        null,
        1,
        null,
        null,
        null,
        null,
        1,
        null,
        null,
        1,
        1,
        null,
        null,
        null,
        null,
        1,
        1,
        null,
        null,
        1,
        null,
        null,
        1,
        null,
        null,
        1,
        null,
        1,
        null,
        null,
        null,
        null,
        1,
        null,
        null,
        1,
        null,
        null,
        null,
        null
      ],
      "/dogwalking_api/config/initializers/application_controller_renderer.rb": [
        null,
        null,
        null,
        null,
        null,
        null,
        null,
        null
      ],
      "/dogwalking_api/config/initializers/backtrace_silencers.rb": [
        null,
        null,
        null,
        null,
        null,
        null,
        null
      ],
      "/dogwalking_api/config/initializers/cors.rb": [
        null,
        null,
        null,
        null,
        null,
        null,
        null,
        null,
        null,
        null,
        null,
        null,
        null,
        null,
        null,
        null
      ],
      "/dogwalking_api/config/initializers/filter_parameter_logging.rb": [
        null,
        null,
        null,
        1
      ],
      "/dogwalking_api/config/initializers/inflections.rb": [
        null,
        null,
        null,
        null,
        null,
        null,
        null,
        null,
        null,
        null,
        null,
        null,
        null,
        null,
        null,
        null
      ],
      "/dogwalking_api/config/initializers/mime_types.rb": [
        null,
        null,
        null,
        null
      ],
      "/dogwalking_api/config/initializers/wrap_parameters.rb": [
        null,
        null,
        null,
        null,
        null,
        null,
        1,
        1,
        null,
        null,
        null,
        null,
        null,
        null
      ],
      "/dogwalking_api/spec/factories/dog_walking_positions.rb": [
        null,
        null,
        1,
        1,
        1,
        1,
        1,
        null,
        null
      ],
      "/dogwalking_api/spec/factories/dog_walkings.rb": [
        null,
        null,
        1,
        1,
        4,
        4,
        4,
        3,
        4,
        4,
        null,
        1,
        1,
        null,
        null,
        1,
        1,
        null,
        null,
        null
      ],
      "/dogwalking_api/spec/factories/dog_walkings_pets.rb": [
        null,
        null,
        1,
        1,
        1,
        1,
        null,
        null
      ],
      "/dogwalking_api/spec/factories/pets.rb": [
        null,
        null,
        1,
        1,
        6,
        6,
        null,
        null
      ],
      "/dogwalking_api/config/routes.rb": [
        1,
        null,
        1,
        1,
        1,
        1,
        1,
        1,
        1,
        1,
        null,
        null,
        null,
        null,
        null
      ],
      "/dogwalking_api/app/models/dog_walking.rb": [
        null,
        null,
        1,
        1,
        null,
        1,
        1,
        1,
        null,
        1,
        1,
        1,
        1,
        null,
        1,
        null,
        1,
        1,
        null,
        null,
        1,
        1,
        1,
        null,
        0,
        null,
        null,
        1,
        null,
        1,
        2,
        null,
        null
      ],
      "/dogwalking_api/app/models/application_record.rb": [
        1,
        1,
        null
      ],
      "/dogwalking_api/app/models/pet.rb": [
        null,
        null,
        1,
        1,
        1,
        null,
        1,
        null
      ],
      "/dogwalking_api/app/models/dog_walkings_pet.rb": [
        null,
        null,
        1,
        1,
        1,
        null
      ]
    },
    "timestamp": 1543539477
  }
}
