{
  "RSpec": {
    "coverage": {
      "/dogwalking_api/spec/models/pet_spec.rb": [
        null,
        null,
        1,
        null,
        1,
        null
      ],
      "/dogwalking_api/spec/rails_helper.rb": [
        null,
        1,
        1,
        1,
        null,
        1,
        1,
        null,
        null,
        null,
        null,
        null,
        null,
        null,
        null,
        null,
        null,
        null,
        null,
        null,
        null,
        null,
        null,
        null,
        null,
        null,
        1,
        1,
        null,
        0,
        0,
        null,
        1,
        null,
        1,
        null,
        null,
        null,
        null,
        1,
        null,
        null,
        null,
        null,
        null,
        null,
        null,
        null,
        null,
        null,
        null,
        null,
        null,
        null,
        1,
        null,
        null,
        1,
        null,
        null,
        null
      ],
      "/dogwalking_api/config/environment.rb": [
        null,
        1,
        null,
        null,
        1
      ],
      "/dogwalking_api/config/application.rb": [
        1,
        null,
        1,
        null,
        1,
        1,
        1,
        1,
        1,
        1,
        1,
        1,
        null,
        1,
        null,
        null,
        null,
        1,
        null,
        1,
        1,
        null,
        1,
        null,
        null,
        null,
        null,
        null,
        null,
        null,
        null,
        null,
        1,
        null,
        null
      ],
      "/dogwalking_api/config/boot.rb": [
        1,
        null,
        1,
        1
      ],
      "/dogwalking_api/config/environments/test.rb": [
        1,
        null,
        null,
        null,
        null,
        null,
        null,
        1,
        null,
        null,
        null,
        null,
        1,
        null,
        null,
        1,
        1,
        null,
        null,
        null,
        null,
        1,
        1,
        null,
        null,
        1,
        null,
        null,
        1,
        null,
        null,
        1,
        null,
        1,
        null,
        null,
        null,
        null,
        1,
        null,
        null,
        1,
        null,
        null,
        null,
        null
      ],
      "/dogwalking_api/config/initializers/application_controller_renderer.rb": [
        null,
        null,
        null,
        null,
        null,
        null,
        null,
        null
      ],
      "/dogwalking_api/config/initializers/backtrace_silencers.rb": [
        null,
        null,
        null,
        null,
        null,
        null,
        null
      ],
      "/dogwalking_api/config/initializers/cors.rb": [
        null,
        null,
        null,
        null,
        null,
        null,
        null,
        null,
        null,
        null,
        null,
        null,
        null,
        null,
        null,
        null
      ],
      "/dogwalking_api/config/initializers/filter_parameter_logging.rb": [
        null,
        null,
        null,
        1
      ],
      "/dogwalking_api/config/initializers/inflections.rb": [
        null,
        null,
        null,
        null,
        null,
        null,
        null,
        null,
        null,
        null,
        null,
        null,
        null,
        null,
        null,
        null
      ],
      "/dogwalking_api/config/initializers/mime_types.rb": [
        null,
        null,
        null,
        null
      ],
      "/dogwalking_api/config/initializers/wrap_parameters.rb": [
        null,
        null,
        null,
        null,
        null,
        null,
        1,
        2,
        null,
        null,
        null,
        null,
        null,
        null
      ],
      "/dogwalking_api/spec/factories/pets.rb": [
        null,
        null,
        1,
        1,
        66,
        66,
        null,
        null
      ],
      "/dogwalking_api/config/routes.rb": [
        1,
        null,
        1,
        1,
        1,
        null,
        null,
        null
      ],
      "/dogwalking_api/app/models/pet.rb": [
        1,
        null,
        1,
        null
      ],
      "/dogwalking_api/app/models/application_record.rb": [
        1,
        1,
        null
      ],
      "/dogwalking_api/spec/requests/pets_spec.rb": [
        null,
        null,
        1,
        null,
        1,
        14,
        null,
        1,
        3,
        1,
        1,
        null,
        null,
        1,
        1,
        null,
        null,
        null,
        1,
        1,
        3,
        null,
        1,
        1,
        null,
        null,
        1,
        1,
        null,
        null,
        null,
        1,
        2,
        1,
        1,
        null,
        null,
        null,
        null,
        1,
        1,
        3,
        null,
        1,
        1,
        null,
        null,
        1,
        1,
        null,
        null,
        null,
        1,
        2,
        null,
        1,
        1,
        null,
        null,
        null,
        null,
        1,
        1,
        4,
        null,
        1,
        1,
        null,
        null,
        1,
        1,
        null,
        null,
        1,
        1,
        null,
        null,
        null,
        1,
        1,
        3,
        null,
        1,
        1,
        null,
        null,
        1,
        1,
        null,
        null,
        null,
        null
      ],
      "/dogwalking_api/app/controllers/api/v1/pets_controller.rb": [
        null,
        null,
        1,
        1,
        1,
        1,
        null,
        1,
        2,
        null,
        null,
        1,
        2,
        null,
        null,
        1,
        3,
        3,
        2,
        null,
        null,
        1,
        3,
        3,
        null,
        null,
        1,
        2,
        2,
        null,
        null,
        1,
        null,
        1,
        8,
        null,
        null,
        1,
        14,
        null,
        null,
        null,
        null
      ],
      "/dogwalking_api/app/controllers/application_controller.rb": [
        null,
        null,
        1,
        1,
        1,
        null
      ],
      "/dogwalking_api/app/controllers/concerns/response.rb": [
        1,
        1,
        8,
        null,
        null
      ],
      "/dogwalking_api/app/controllers/concerns/exception_handler.rb": [
        1,
        null,
        1,
        null,
        1,
        1,
        1,
        null,
        null,
        1,
        1,
        null,
        null,
        1,
        0,
        null,
        null,
        null
      ]
    },
    "timestamp": 1543451432
  }
}
